c:\users\andre\documents\cs 535\finalproject\x64\debug\vc140.pdb
c:\users\andre\documents\cs 535\finalproject\x64\debug\vc140.idb
c:\users\andre\documents\cs 535\finalproject\x64\debug\gl_core_3_3.nativecodeanalysis.xml
c:\users\andre\documents\cs 535\finalproject\x64\debug\gl_core_3_3.obj
c:\users\andre\documents\cs 535\finalproject\x64\debug\mesh.nativecodeanalysis.xml
c:\users\andre\documents\cs 535\finalproject\x64\debug\util.nativecodeanalysis.xml
c:\users\andre\documents\cs 535\finalproject\x64\debug\util.obj
c:\users\andre\documents\cs 535\finalproject\x64\debug\mesh.obj
c:\users\andre\documents\cs 535\finalproject\x64\debug\main.obj
c:\users\andre\documents\cs 535\finalproject\x64\debug\base_freeglut.pdb
c:\users\andre\documents\cs 535\finalproject\x64\debug\base_freeglut.tlog\cl.command.1.tlog
c:\users\andre\documents\cs 535\finalproject\x64\debug\base_freeglut.tlog\cl.read.1.tlog
c:\users\andre\documents\cs 535\finalproject\x64\debug\base_freeglut.tlog\cl.write.1.tlog
c:\users\andre\documents\cs 535\finalproject\x64\debug\base_freeglut.tlog\link-cvtres.read.1.tlog
c:\users\andre\documents\cs 535\finalproject\x64\debug\base_freeglut.tlog\link-cvtres.write.1.tlog
c:\users\andre\documents\cs 535\finalproject\x64\debug\base_freeglut.tlog\link-rc.read.1.tlog
c:\users\andre\documents\cs 535\finalproject\x64\debug\base_freeglut.tlog\link-rc.write.1.tlog
c:\users\andre\documents\cs 535\finalproject\x64\debug\base_freeglut.tlog\link.command.1.tlog
c:\users\andre\documents\cs 535\finalproject\x64\debug\base_freeglut.tlog\link.read.1.tlog
c:\users\andre\documents\cs 535\finalproject\x64\debug\base_freeglut.tlog\link.write.1.tlog
